<?xml version="1.0" encoding="UTF-8"?>
<!-- Generated by org.testng.reporters.JUnitReportReporter -->
<testsuite hostname="DESKTOP-I85STP7" failures="0" tests="4" name="testcase.TC001_LogIn" time="33.052" errors="0" timestamp="2023-06-06T11:31:09 ICT" skipped="0">
  <testcase classname="testcase.TC001_LogIn" name="SuccessfullLogin" time="7.397"/>
  <system-out/>
  <testcase classname="testcase.TC001_LogIn" name="SuccessfullLogin" time="8.754"/>
  <system-out/>
  <testcase classname="testcase.TC001_LogIn" name="SuccessfullLogin" time="7.671"/>
  <system-out/>
  <testcase classname="testcase.TC001_LogIn" name="SuccessfullLogin" time="9.230"/>
  <system-out/>
</testsuite> <!-- testcase.TC001_LogIn -->
