<?xml version="1.0" encoding="UTF-8"?>
<!-- Generated by org.testng.reporters.JUnitReportReporter -->
<testsuite hostname="DESKTOP-I85STP7" failures="0" tests="1" name="testcase.TC001_LogIn" time="12.554" errors="0" timestamp="2023-06-01T19:10:07 ICT" skipped="0">
  <testcase classname="testcase.TC001_LogIn" name="SuccessfullLogin" time="12.554"/>
  <system-out/>
</testsuite> <!-- testcase.TC001_LogIn -->
